<?xml version="1.0" encoding="UTF-8"?>
<testng-results ignored="0" total="1" passed="1" failed="0" skipped="0">
  <reporter-output>
  </reporter-output>
  <suite started-at="2024-07-10T20:56:15 IST" name="Default suite" finished-at="2024-07-10T20:56:27 IST" duration-ms="12289">
    <groups>
    </groups>
    <test started-at="2024-07-10T20:56:15 IST" name="Default test" finished-at="2024-07-10T20:56:27 IST" duration-ms="12289">
      <class name="TestCases.LoginPageTestCaseOrangeHrm">
        <test-method is-config="true" signature="setUp()[pri:0, instance:TestCases.LoginPageTestCaseOrangeHrm@13c9d689]" started-at="2024-07-10T20:56:15 IST" name="setUp" finished-at="2024-07-10T20:56:23 IST" duration-ms="7435" status="PASS">
          <reporter-output>
          </reporter-output>
        </test-method> <!-- setUp -->
        <test-method signature="LoginTest()[pri:0, instance:TestCases.LoginPageTestCaseOrangeHrm@13c9d689]" started-at="2024-07-10T20:56:23 IST" name="LoginTest" finished-at="2024-07-10T20:56:27 IST" duration-ms="4576" status="PASS">
          <reporter-output>
          </reporter-output>
        </test-method> <!-- LoginTest -->
        <test-method is-config="true" signature="tearDown()[pri:0, instance:TestCases.LoginPageTestCaseOrangeHrm@13c9d689]" started-at="2024-07-10T20:56:27 IST" name="tearDown" finished-at="2024-07-10T20:56:27 IST" duration-ms="206" status="PASS">
          <reporter-output>
          </reporter-output>
        </test-method> <!-- tearDown -->
      </class> <!-- TestCases.LoginPageTestCaseOrangeHrm -->
    </test> <!-- Default test -->
  </suite> <!-- Default suite -->
</testng-results>
